Removed Pin From Net: NetName=GND Pin=C5-1
Removed Pin From Net: NetName=PE7 Pin=C5-2
Removed Pin From Net: NetName=GND Pin=C6-1
Removed Pin From Net: NetName=PE8 Pin=C6-2
Removed Pin From Net: NetName=GND Pin=C7-1
Removed Pin From Net: NetName=PE9 Pin=C7-2
Removed Pin From Net: NetName=GND Pin=C8-1
Removed Pin From Net: NetName=PE10 Pin=C8-2
Removed Pin From Net: NetName=GND Pin=C9-1
Removed Pin From Net: NetName=PE11 Pin=C9-2
Removed Pin From Net: NetName=GND Pin=C10-1
Removed Pin From Net: NetName=PE12 Pin=C10-2
Removed Pin From Net: NetName=GND Pin=LED3-2
Removed Pin From Net: NetName=PE7/X_L_Lmit Pin=LED4-2
Removed Pin From Net: NetName=GND Pin=LED5-2
Removed Pin From Net: NetName=PE8/X_R_Lmit Pin=LED6-2
Removed Pin From Net: NetName=GND Pin=LED7-2
Removed Pin From Net: NetName=PE9/Y_L_Lmit Pin=LED8-2
Removed Pin From Net: NetName=GND Pin=LED9-2
Removed Pin From Net: NetName=PE10/Y_R_Lmit Pin=LED10-2
Removed Pin From Net: NetName=GND Pin=LED11-2
Removed Pin From Net: NetName=PE11/Z_U_Lmit Pin=LED12-2
Removed Pin From Net: NetName=GND Pin=LED13-2
Removed Pin From Net: NetName=PE12/Z_D_Lmit Pin=LED14-2
Removed Pin From Net: NetName=5V Pin=R7-2
Removed Pin From Net: NetName=PE7 Pin=R11-1
Removed Pin From Net: NetName=PE8 Pin=R15-1
Removed Pin From Net: NetName=PE9 Pin=R19-1
Removed Pin From Net: NetName=PE10 Pin=R23-1
Removed Pin From Net: NetName=PE11 Pin=R27-1
Removed Pin From Net: NetName=PE12 Pin=R31-1
Change component parameters: Designator = "C9"; Footprint = "C 0805"; UniqueID = "\ICXOLVIE"
Change component parameters. Clean all parameters for all variants
Change component parameters (AddParameter): Name = "BOM名称"; Value = "无极性贴片电容"; VariantName = "[No Variations]"
Change component parameters (AddParameter): Name = "学习资源"; Value = "www.ooocke.com"; VariantName = "[No Variations]"
Change component parameters (AddParameter): Name = "版权归属"; Value = "源创客"; VariantName = "[No Variations]"
Change component parameters: Designator = "C10"; Footprint = "C 0805"; UniqueID = "\SNGWEQNS"
Change component parameters. Clean all parameters for all variants
Change component parameters (AddParameter): Name = "BOM名称"; Value = "无极性贴片电容"; VariantName = "[No Variations]"
Change component parameters (AddParameter): Name = "学习资源"; Value = "www.ooocke.com"; VariantName = "[No Variations]"
Change component parameters (AddParameter): Name = "版权归属"; Value = "源创客"; VariantName = "[No Variations]"
Added Pin To Net: NetName=PE7/X_L_Lmit Pin=C5-1
Added Pin To Net: NetName=24V Pin=C5-2
Added Pin To Net: NetName=PE8/X_R_Lmit Pin=C6-1
Added Pin To Net: NetName=24V Pin=C6-2
Added Pin To Net: NetName=PE9/Y_L_Lmit Pin=C7-1
Added Pin To Net: NetName=24V Pin=C7-2
Added Pin To Net: NetName=PE10/Y_R_Lmit Pin=C8-1
Added Pin To Net: NetName=24V Pin=C8-2
Added Pin To Net: NetName=PE11/Z_U_Lmit Pin=C9-1
Added Pin To Net: NetName=24V Pin=C9-2
Added Pin To Net: NetName=PE12/Z_D_Lmit Pin=C10-1
Added Pin To Net: NetName=24V Pin=C10-2
Added Pin To Net: NetName=PE7/X_L_Lmit Pin=LED3-2
Added Pin To Net: NetName=PE7 Pin=LED4-2
Added Pin To Net: NetName=PE8/X_R_Lmit Pin=LED5-2
Added Pin To Net: NetName=PE8 Pin=LED6-2
Added Pin To Net: NetName=PE9/Y_L_Lmit Pin=LED7-2
Added Pin To Net: NetName=PE9 Pin=LED8-2
Added Pin To Net: NetName=PE10/Y_R_Lmit Pin=LED9-2
Added Pin To Net: NetName=PE10 Pin=LED10-2
Added Pin To Net: NetName=PE11/Z_U_Lmit Pin=LED11-2
Added Pin To Net: NetName=PE11 Pin=LED12-2
Added Pin To Net: NetName=PE12/Z_D_Lmit Pin=LED13-2
Added Pin To Net: NetName=PE12 Pin=LED14-2
Added Pin To Net: NetName=5V Pin=P4-5
Added Pin To Net: NetName=5V Pin=P4-6
Added Pin To Net: NetName=5V Pin=P4-7
Added Pin To Net: NetName=5V Pin=P4-8
Added Pin To Net: NetName=5V Pin=P5-1
Added Pin To Net: NetName=5V Pin=P5-2
Added Pin To Net: NetName=5V Pin=P5-3
Added Pin To Net: NetName=5V Pin=P5-4
Added Pin To Net: NetName=5V Pin=Q4-3
Added Pin To Net: NetName=5V Pin=Q5-3
Added Pin To Net: NetName=5V Pin=Q6-3
Added Pin To Net: NetName=5V Pin=Q7-3
Added Pin To Net: NetName=5V Pin=Q8-3
Added Pin To Net: NetName=24V Pin=R7-2
Added Pin To Net: NetName=24V Pin=R11-1
Added Pin To Net: NetName=24V Pin=R15-1
Added Pin To Net: NetName=24V Pin=R19-1
Added Pin To Net: NetName=24V Pin=R23-1
Added Pin To Net: NetName=24V Pin=R27-1
Added Pin To Net: NetName=24V Pin=R31-1
Change Net Name : Old Net Name=5V New Net Name=3.3V
